This file contains any messages produced by compilers while
running configure, to aid debugging if configure makes a mistake.

It was created by PAPI configure 6.0.0.1, which was
generated by GNU Autoconf 2.69.  Invocation command line was

  $ ./configure --prefix=/home/s200010035/papi/src/install

## --------- ##
## Platform. ##
## --------- ##

hostname = cares2
uname -m = x86_64
uname -r = 4.4.0-210-generic
uname -s = Linux
uname -v = #242-Ubuntu SMP Fri Apr 16 09:57:56 UTC 2021

/usr/bin/uname -p = unknown
/bin/uname -X     = unknown

/bin/arch              = unknown
/usr/bin/arch -k       = unknown
/usr/convex/getsysinfo = unknown
/usr/bin/hostinfo      = unknown
/bin/machine           = unknown
/usr/bin/oslevel       = unknown
/bin/universe          = unknown

PATH: /home/s200010035/.vscode-server/bin/784b0177c56c607789f9638da7b6bf3230d47a8c/bin/remote-cli
PATH: /home/s200010035/bin
PATH: /home/s200010035/.local/bin
PATH: /home/s200010035/bin
PATH: /home/s200010035/.local/bin
PATH: /usr/local/sbin
PATH: /usr/local/bin
PATH: /usr/sbin
PATH: /usr/bin
PATH: /sbin
PATH: /bin
PATH: /usr/games
PATH: /usr/local/games
PATH: /snap/bin


## ----------- ##
## Core tests. ##
## ----------- ##

configure:2455: checking for architecture
configure:2465: result: x86_64
configure:2475: checking for OS
configure:2488: result: linux
configure:2491: checking for OS version
configure:2503: result: 4.4.0-210-generic
configure:2506: checking for perf_event workaround level
configure:2517: result: autodetect
configure:2520: checking for if MIC should be used
configure:2537: result: no
configure:2541: checking for if NEC should be used
configure:2558: result: no
configure:2624: checking for xlc
configure:2654: result: no
configure:2624: checking for icc
configure:2654: result: no
configure:2624: checking for gcc
configure:2640: found /usr/bin/gcc
configure:2651: result: gcc
configure:2682: checking for C compiler version
configure:2691: gcc --version >&5
gcc (Ubuntu 5.4.0-6ubuntu1~16.04.12) 5.4.0 20160609
Copyright (C) 2015 Free Software Foundation, Inc.
This is free software; see the source for copying conditions.  There is NO
warranty; not even for MERCHANTABILITY or FITNESS FOR A PARTICULAR PURPOSE.

configure:2702: $? = 0
configure:2691: gcc -v >&5
Using built-in specs.
COLLECT_GCC=gcc
COLLECT_LTO_WRAPPER=/usr/lib/gcc/x86_64-linux-gnu/5/lto-wrapper
Target: x86_64-linux-gnu
Configured with: ../src/configure -v --with-pkgversion='Ubuntu 5.4.0-6ubuntu1~16.04.12' --with-bugurl=file:///usr/share/doc/gcc-5/README.Bugs --enable-languages=c,ada,c++,java,go,d,fortran,objc,obj-c++ --prefix=/usr --program-suffix=-5 --enable-shared --enable-linker-build-id --libexecdir=/usr/lib --without-included-gettext --enable-threads=posix --libdir=/usr/lib --enable-nls --with-sysroot=/ --enable-clocale=gnu --enable-libstdcxx-debug --enable-libstdcxx-time=yes --with-default-libstdcxx-abi=new --enable-gnu-unique-object --disable-vtable-verify --enable-libmpx --enable-plugin --with-system-zlib --disable-browser-plugin --enable-java-awt=gtk --enable-gtk-cairo --with-java-home=/usr/lib/jvm/java-1.5.0-gcj-5-amd64/jre --enable-java-home --with-jvm-root-dir=/usr/lib/jvm/java-1.5.0-gcj-5-amd64 --with-jvm-jar-dir=/usr/lib/jvm-exports/java-1.5.0-gcj-5-amd64 --with-arch-directory=amd64 --with-ecj-jar=/usr/share/java/eclipse-ecj.jar --enable-objc-gc --enable-multiarch --disable-werror --with-arch-32=i686 --with-abi=m64 --with-multilib-list=m32,m64,mx32 --enable-multilib --with-tune=generic --enable-checking=release --build=x86_64-linux-gnu --host=x86_64-linux-gnu --target=x86_64-linux-gnu
Thread model: posix
gcc version 5.4.0 20160609 (Ubuntu 5.4.0-6ubuntu1~16.04.12) 
configure:2702: $? = 0
configure:2691: gcc -V >&5
gcc: error: unrecognized command line option '-V'
gcc: fatal error: no input files
compilation terminated.
configure:2702: $? = 1
configure:2691: gcc -qversion >&5
gcc: error: unrecognized command line option '-qversion'
gcc: fatal error: no input files
compilation terminated.
configure:2702: $? = 1
configure:2722: checking whether the C compiler works
configure:2744: gcc  -g   conftest.c  >&5
configure:2748: $? = 0
configure:2796: result: yes
configure:2799: checking for C compiler default output file name
configure:2801: result: a.out
configure:2807: checking for suffix of executables
configure:2814: gcc -o conftest  -g   conftest.c  >&5
configure:2818: $? = 0
configure:2840: result: 
configure:2862: checking whether we are cross compiling
configure:2870: gcc -o conftest  -g   conftest.c  >&5
configure:2874: $? = 0
configure:2881: ./conftest
configure:2885: $? = 0
configure:2900: result: no
configure:2905: checking for suffix of object files
configure:2927: gcc -c  -g  conftest.c >&5
configure:2931: $? = 0
configure:2952: result: o
configure:2956: checking whether we are using the GNU C compiler
configure:2975: gcc -c  -g  conftest.c >&5
configure:2975: $? = 0
configure:2984: result: yes
configure:2993: checking whether gcc accepts -g
configure:3013: gcc -c -g  conftest.c >&5
configure:3013: $? = 0
configure:3054: result: yes
configure:3071: checking for gcc option to accept ISO C89
configure:3134: gcc  -c  -g  conftest.c >&5
configure:3134: $? = 0
configure:3147: result: none needed
configure:3220: checking for xlf
configure:3250: result: no
configure:3220: checking for ifort
configure:3250: result: no
configure:3220: checking for gfortran
configure:3236: found /usr/bin/gfortran
configure:3247: result: gfortran
configure:3273: checking for Fortran 77 compiler version
configure:3282: gfortran --version >&5
GNU Fortran (Ubuntu 5.4.0-6ubuntu1~16.04.12) 5.4.0 20160609
Copyright (C) 2015 Free Software Foundation, Inc.

GNU Fortran comes with NO WARRANTY, to the extent permitted by law.
You may redistribute copies of GNU Fortran
under the terms of the GNU General Public License.
For more information about these matters, see the file named COPYING

configure:3293: $? = 0
configure:3282: gfortran -v >&5
Using built-in specs.
COLLECT_GCC=gfortran
COLLECT_LTO_WRAPPER=/usr/lib/gcc/x86_64-linux-gnu/5/lto-wrapper
Target: x86_64-linux-gnu
Configured with: ../src/configure -v --with-pkgversion='Ubuntu 5.4.0-6ubuntu1~16.04.12' --with-bugurl=file:///usr/share/doc/gcc-5/README.Bugs --enable-languages=c,ada,c++,java,go,d,fortran,objc,obj-c++ --prefix=/usr --program-suffix=-5 --enable-shared --enable-linker-build-id --libexecdir=/usr/lib --without-included-gettext --enable-threads=posix --libdir=/usr/lib --enable-nls --with-sysroot=/ --enable-clocale=gnu --enable-libstdcxx-debug --enable-libstdcxx-time=yes --with-default-libstdcxx-abi=new --enable-gnu-unique-object --disable-vtable-verify --enable-libmpx --enable-plugin --with-system-zlib --disable-browser-plugin --enable-java-awt=gtk --enable-gtk-cairo --with-java-home=/usr/lib/jvm/java-1.5.0-gcj-5-amd64/jre --enable-java-home --with-jvm-root-dir=/usr/lib/jvm/java-1.5.0-gcj-5-amd64 --with-jvm-jar-dir=/usr/lib/jvm-exports/java-1.5.0-gcj-5-amd64 --with-arch-directory=amd64 --with-ecj-jar=/usr/share/java/eclipse-ecj.jar --enable-objc-gc --enable-multiarch --disable-werror --with-arch-32=i686 --with-abi=m64 --with-multilib-list=m32,m64,mx32 --enable-multilib --with-tune=generic --enable-checking=release --build=x86_64-linux-gnu --host=x86_64-linux-gnu --target=x86_64-linux-gnu
Thread model: posix
gcc version 5.4.0 20160609 (Ubuntu 5.4.0-6ubuntu1~16.04.12) 
configure:3293: $? = 0
configure:3282: gfortran -V >&5
gfortran: error: unrecognized command line option '-V'
gfortran: fatal error: no input files
compilation terminated.
configure:3293: $? = 1
configure:3282: gfortran -qversion >&5
gfortran: error: unrecognized command line option '-qversion'
gfortran: fatal error: no input files
compilation terminated.
configure:3293: $? = 1
configure:3302: checking whether we are using the GNU Fortran 77 compiler
configure:3315: gfortran -c  conftest.F >&5
configure:3315: $? = 0
configure:3324: result: yes
configure:3330: checking whether gfortran accepts -g
configure:3341: gfortran -c -g conftest.f >&5
configure:3341: $? = 0
configure:3349: result: yes
configure:3383: checking for mpicc
configure:3413: result: no
configure:3516: checking for gawk
configure:3532: found /usr/bin/gawk
configure:3543: result: gawk
configure:3559: checking how to run the C preprocessor
configure:3590: gcc -E  conftest.c
configure:3590: $? = 0
configure:3604: gcc -E  conftest.c
conftest.c:9:28: fatal error: ac_nonexistent.h: No such file or directory
compilation terminated.
configure:3604: $? = 1
configure: failed program was:
| /* confdefs.h */
| #define PACKAGE_NAME "PAPI"
| #define PACKAGE_TARNAME "papi"
| #define PACKAGE_VERSION "6.0.0.1"
| #define PACKAGE_STRING "PAPI 6.0.0.1"
| #define PACKAGE_BUGREPORT "ptools-perfapi@icl.utk.edu"
| #define PACKAGE_URL ""
| /* end confdefs.h.  */
| #include <ac_nonexistent.h>
configure:3629: result: gcc -E
configure:3649: gcc -E  conftest.c
configure:3649: $? = 0
configure:3663: gcc -E  conftest.c
conftest.c:9:28: fatal error: ac_nonexistent.h: No such file or directory
compilation terminated.
configure:3663: $? = 1
configure: failed program was:
| /* confdefs.h */
| #define PACKAGE_NAME "PAPI"
| #define PACKAGE_TARNAME "papi"
| #define PACKAGE_VERSION "6.0.0.1"
| #define PACKAGE_STRING "PAPI 6.0.0.1"
| #define PACKAGE_BUGREPORT "ptools-perfapi@icl.utk.edu"
| #define PACKAGE_URL ""
| /* end confdefs.h.  */
| #include <ac_nonexistent.h>
configure:3691: checking whether ln -s works
configure:3695: result: yes
configure:3702: checking whether make sets $(MAKE)
configure:3724: result: yes
configure:3776: checking for ranlib
configure:3792: found /usr/bin/ranlib
configure:3803: result: ranlib
configure:3827: checking for grep that handles long lines and -e
configure:3885: result: /bin/grep
configure:3890: checking for egrep
configure:3952: result: /bin/grep -E
configure:3957: checking for ANSI C header files
configure:3977: gcc -c  -g  conftest.c >&5
configure:3977: $? = 0
configure:4050: gcc -o conftest  -g   conftest.c  >&5
configure:4050: $? = 0
configure:4050: ./conftest
configure:4050: $? = 0
configure:4061: result: yes
configure:4074: checking for sys/types.h
configure:4074: gcc -c  -g  conftest.c >&5
configure:4074: $? = 0
configure:4074: result: yes
configure:4074: checking for sys/stat.h
configure:4074: gcc -c  -g  conftest.c >&5
configure:4074: $? = 0
configure:4074: result: yes
configure:4074: checking for stdlib.h
configure:4074: gcc -c  -g  conftest.c >&5
configure:4074: $? = 0
configure:4074: result: yes
configure:4074: checking for string.h
configure:4074: gcc -c  -g  conftest.c >&5
configure:4074: $? = 0
configure:4074: result: yes
configure:4074: checking for memory.h
configure:4074: gcc -c  -g  conftest.c >&5
configure:4074: $? = 0
configure:4074: result: yes
configure:4074: checking for strings.h
configure:4074: gcc -c  -g  conftest.c >&5
configure:4074: $? = 0
configure:4074: result: yes
configure:4074: checking for inttypes.h
configure:4074: gcc -c  -g  conftest.c >&5
configure:4074: $? = 0
configure:4074: result: yes
configure:4074: checking for stdint.h
configure:4074: gcc -c  -g  conftest.c >&5
configure:4074: $? = 0
configure:4074: result: yes
configure:4074: checking for unistd.h
configure:4074: gcc -c  -g  conftest.c >&5
configure:4074: $? = 0
configure:4074: result: yes
configure:4087: checking minix/config.h usability
configure:4087: gcc -c  -g  conftest.c >&5
conftest.c:52:26: fatal error: minix/config.h: No such file or directory
compilation terminated.
configure:4087: $? = 1
configure: failed program was:
| /* confdefs.h */
| #define PACKAGE_NAME "PAPI"
| #define PACKAGE_TARNAME "papi"
| #define PACKAGE_VERSION "6.0.0.1"
| #define PACKAGE_STRING "PAPI 6.0.0.1"
| #define PACKAGE_BUGREPORT "ptools-perfapi@icl.utk.edu"
| #define PACKAGE_URL ""
| #define STDC_HEADERS 1
| #define HAVE_SYS_TYPES_H 1
| #define HAVE_SYS_STAT_H 1
| #define HAVE_STDLIB_H 1
| #define HAVE_STRING_H 1
| #define HAVE_MEMORY_H 1
| #define HAVE_STRINGS_H 1
| #define HAVE_INTTYPES_H 1
| #define HAVE_STDINT_H 1
| #define HAVE_UNISTD_H 1
| /* end confdefs.h.  */
| #include <stdio.h>
| #ifdef HAVE_SYS_TYPES_H
| # include <sys/types.h>
| #endif
| #ifdef HAVE_SYS_STAT_H
| # include <sys/stat.h>
| #endif
| #ifdef STDC_HEADERS
| # include <stdlib.h>
| # include <stddef.h>
| #else
| # ifdef HAVE_STDLIB_H
| #  include <stdlib.h>
| # endif
| #endif
| #ifdef HAVE_STRING_H
| # if !defined STDC_HEADERS && defined HAVE_MEMORY_H
| #  include <memory.h>
| # endif
| # include <string.h>
| #endif
| #ifdef HAVE_STRINGS_H
| # include <strings.h>
| #endif
| #ifdef HAVE_INTTYPES_H
| # include <inttypes.h>
| #endif
| #ifdef HAVE_STDINT_H
| # include <stdint.h>
| #endif
| #ifdef HAVE_UNISTD_H
| # include <unistd.h>
| #endif
| #include <minix/config.h>
configure:4087: result: no
configure:4087: checking minix/config.h presence
configure:4087: gcc -E  conftest.c
conftest.c:19:26: fatal error: minix/config.h: No such file or directory
compilation terminated.
configure:4087: $? = 1
configure: failed program was:
| /* confdefs.h */
| #define PACKAGE_NAME "PAPI"
| #define PACKAGE_TARNAME "papi"
| #define PACKAGE_VERSION "6.0.0.1"
| #define PACKAGE_STRING "PAPI 6.0.0.1"
| #define PACKAGE_BUGREPORT "ptools-perfapi@icl.utk.edu"
| #define PACKAGE_URL ""
| #define STDC_HEADERS 1
| #define HAVE_SYS_TYPES_H 1
| #define HAVE_SYS_STAT_H 1
| #define HAVE_STDLIB_H 1
| #define HAVE_STRING_H 1
| #define HAVE_MEMORY_H 1
| #define HAVE_STRINGS_H 1
| #define HAVE_INTTYPES_H 1
| #define HAVE_STDINT_H 1
| #define HAVE_UNISTD_H 1
| /* end confdefs.h.  */
| #include <minix/config.h>
configure:4087: result: no
configure:4087: checking for minix/config.h
configure:4087: result: no
configure:4108: checking whether it is safe to define __EXTENSIONS__
configure:4126: gcc -c  -g  conftest.c >&5
configure:4126: $? = 0
configure:4133: result: yes
configure:4148: checking for ANSI C header files
configure:4252: result: yes
configure:4260: checking for inline
configure:4276: gcc -c  -g  conftest.c >&5
configure:4276: $? = 0
configure:4284: result: inline
configure:4302: checking whether time.h and sys/time.h may both be included
configure:4322: gcc -c  -g  conftest.c >&5
configure:4322: $? = 0
configure:4329: result: yes
configure:4340: checking sys/time.h usability
configure:4340: gcc -c  -g  conftest.c >&5
configure:4340: $? = 0
configure:4340: result: yes
configure:4340: checking sys/time.h presence
configure:4340: gcc -E  conftest.c
configure:4340: $? = 0
configure:4340: result: yes
configure:4340: checking for sys/time.h
configure:4340: result: yes
configure:4340: checking c_asm.h usability
configure:4340: gcc -c  -g  conftest.c >&5
conftest.c:60:19: fatal error: c_asm.h: No such file or directory
compilation terminated.
configure:4340: $? = 1
configure: failed program was:
| /* confdefs.h */
| #define PACKAGE_NAME "PAPI"
| #define PACKAGE_TARNAME "papi"
| #define PACKAGE_VERSION "6.0.0.1"
| #define PACKAGE_STRING "PAPI 6.0.0.1"
| #define PACKAGE_BUGREPORT "ptools-perfapi@icl.utk.edu"
| #define PACKAGE_URL ""
| #define STDC_HEADERS 1
| #define HAVE_SYS_TYPES_H 1
| #define HAVE_SYS_STAT_H 1
| #define HAVE_STDLIB_H 1
| #define HAVE_STRING_H 1
| #define HAVE_MEMORY_H 1
| #define HAVE_STRINGS_H 1
| #define HAVE_INTTYPES_H 1
| #define HAVE_STDINT_H 1
| #define HAVE_UNISTD_H 1
| #define __EXTENSIONS__ 1
| #define _ALL_SOURCE 1
| #define _GNU_SOURCE 1
| #define _POSIX_PTHREAD_SEMANTICS 1
| #define _TANDEM_SOURCE 1
| #define STDC_HEADERS 1
| #define TIME_WITH_SYS_TIME 1
| #define HAVE_SYS_TIME_H 1
| /* end confdefs.h.  */
| #include <stdio.h>
| #ifdef HAVE_SYS_TYPES_H
| # include <sys/types.h>
| #endif
| #ifdef HAVE_SYS_STAT_H
| # include <sys/stat.h>
| #endif
| #ifdef STDC_HEADERS
| # include <stdlib.h>
| # include <stddef.h>
| #else
| # ifdef HAVE_STDLIB_H
| #  include <stdlib.h>
| # endif
| #endif
| #ifdef HAVE_STRING_H
| # if !defined STDC_HEADERS && defined HAVE_MEMORY_H
| #  include <memory.h>
| # endif
| # include <string.h>
| #endif
| #ifdef HAVE_STRINGS_H
| # include <strings.h>
| #endif
| #ifdef HAVE_INTTYPES_H
| # include <inttypes.h>
| #endif
| #ifdef HAVE_STDINT_H
| # include <stdint.h>
| #endif
| #ifdef HAVE_UNISTD_H
| # include <unistd.h>
| #endif
| #include <c_asm.h>
configure:4340: result: no
configure:4340: checking c_asm.h presence
configure:4340: gcc -E  conftest.c
conftest.c:27:19: fatal error: c_asm.h: No such file or directory
compilation terminated.
configure:4340: $? = 1
configure: failed program was:
| /* confdefs.h */
| #define PACKAGE_NAME "PAPI"
| #define PACKAGE_TARNAME "papi"
| #define PACKAGE_VERSION "6.0.0.1"
| #define PACKAGE_STRING "PAPI 6.0.0.1"
| #define PACKAGE_BUGREPORT "ptools-perfapi@icl.utk.edu"
| #define PACKAGE_URL ""
| #define STDC_HEADERS 1
| #define HAVE_SYS_TYPES_H 1
| #define HAVE_SYS_STAT_H 1
| #define HAVE_STDLIB_H 1
| #define HAVE_STRING_H 1
| #define HAVE_MEMORY_H 1
| #define HAVE_STRINGS_H 1
| #define HAVE_INTTYPES_H 1
| #define HAVE_STDINT_H 1
| #define HAVE_UNISTD_H 1
| #define __EXTENSIONS__ 1
| #define _ALL_SOURCE 1
| #define _GNU_SOURCE 1
| #define _POSIX_PTHREAD_SEMANTICS 1
| #define _TANDEM_SOURCE 1
| #define STDC_HEADERS 1
| #define TIME_WITH_SYS_TIME 1
| #define HAVE_SYS_TIME_H 1
| /* end confdefs.h.  */
| #include <c_asm.h>
configure:4340: result: no
configure:4340: checking for c_asm.h
configure:4340: result: no
configure:4340: checking intrinsics.h usability
configure:4340: gcc -c  -g  conftest.c >&5
conftest.c:60:24: fatal error: intrinsics.h: No such file or directory
compilation terminated.
configure:4340: $? = 1
configure: failed program was:
| /* confdefs.h */
| #define PACKAGE_NAME "PAPI"
| #define PACKAGE_TARNAME "papi"
| #define PACKAGE_VERSION "6.0.0.1"
| #define PACKAGE_STRING "PAPI 6.0.0.1"
| #define PACKAGE_BUGREPORT "ptools-perfapi@icl.utk.edu"
| #define PACKAGE_URL ""
| #define STDC_HEADERS 1
| #define HAVE_SYS_TYPES_H 1
| #define HAVE_SYS_STAT_H 1
| #define HAVE_STDLIB_H 1
| #define HAVE_STRING_H 1
| #define HAVE_MEMORY_H 1
| #define HAVE_STRINGS_H 1
| #define HAVE_INTTYPES_H 1
| #define HAVE_STDINT_H 1
| #define HAVE_UNISTD_H 1
| #define __EXTENSIONS__ 1
| #define _ALL_SOURCE 1
| #define _GNU_SOURCE 1
| #define _POSIX_PTHREAD_SEMANTICS 1
| #define _TANDEM_SOURCE 1
| #define STDC_HEADERS 1
| #define TIME_WITH_SYS_TIME 1
| #define HAVE_SYS_TIME_H 1
| /* end confdefs.h.  */
| #include <stdio.h>
| #ifdef HAVE_SYS_TYPES_H
| # include <sys/types.h>
| #endif
| #ifdef HAVE_SYS_STAT_H
| # include <sys/stat.h>
| #endif
| #ifdef STDC_HEADERS
| # include <stdlib.h>
| # include <stddef.h>
| #else
| # ifdef HAVE_STDLIB_H
| #  include <stdlib.h>
| # endif
| #endif
| #ifdef HAVE_STRING_H
| # if !defined STDC_HEADERS && defined HAVE_MEMORY_H
| #  include <memory.h>
| # endif
| # include <string.h>
| #endif
| #ifdef HAVE_STRINGS_H
| # include <strings.h>
| #endif
| #ifdef HAVE_INTTYPES_H
| # include <inttypes.h>
| #endif
| #ifdef HAVE_STDINT_H
| # include <stdint.h>
| #endif
| #ifdef HAVE_UNISTD_H
| # include <unistd.h>
| #endif
| #include <intrinsics.h>
configure:4340: result: no
configure:4340: checking intrinsics.h presence
configure:4340: gcc -E  conftest.c
conftest.c:27:24: fatal error: intrinsics.h: No such file or directory
compilation terminated.
configure:4340: $? = 1
configure: failed program was:
| /* confdefs.h */
| #define PACKAGE_NAME "PAPI"
| #define PACKAGE_TARNAME "papi"
| #define PACKAGE_VERSION "6.0.0.1"
| #define PACKAGE_STRING "PAPI 6.0.0.1"
| #define PACKAGE_BUGREPORT "ptools-perfapi@icl.utk.edu"
| #define PACKAGE_URL ""
| #define STDC_HEADERS 1
| #define HAVE_SYS_TYPES_H 1
| #define HAVE_SYS_STAT_H 1
| #define HAVE_STDLIB_H 1
| #define HAVE_STRING_H 1
| #define HAVE_MEMORY_H 1
| #define HAVE_STRINGS_H 1
| #define HAVE_INTTYPES_H 1
| #define HAVE_STDINT_H 1
| #define HAVE_UNISTD_H 1
| #define __EXTENSIONS__ 1
| #define _ALL_SOURCE 1
| #define _GNU_SOURCE 1
| #define _POSIX_PTHREAD_SEMANTICS 1
| #define _TANDEM_SOURCE 1
| #define STDC_HEADERS 1
| #define TIME_WITH_SYS_TIME 1
| #define HAVE_SYS_TIME_H 1
| /* end confdefs.h.  */
| #include <intrinsics.h>
configure:4340: result: no
configure:4340: checking for intrinsics.h
configure:4340: result: no
configure:4340: checking mach/mach_time.h usability
configure:4340: gcc -c  -g  conftest.c >&5
conftest.c:60:28: fatal error: mach/mach_time.h: No such file or directory
compilation terminated.
configure:4340: $? = 1
configure: failed program was:
| /* confdefs.h */
| #define PACKAGE_NAME "PAPI"
| #define PACKAGE_TARNAME "papi"
| #define PACKAGE_VERSION "6.0.0.1"
| #define PACKAGE_STRING "PAPI 6.0.0.1"
| #define PACKAGE_BUGREPORT "ptools-perfapi@icl.utk.edu"
| #define PACKAGE_URL ""
| #define STDC_HEADERS 1
| #define HAVE_SYS_TYPES_H 1
| #define HAVE_SYS_STAT_H 1
| #define HAVE_STDLIB_H 1
| #define HAVE_STRING_H 1
| #define HAVE_MEMORY_H 1
| #define HAVE_STRINGS_H 1
| #define HAVE_INTTYPES_H 1
| #define HAVE_STDINT_H 1
| #define HAVE_UNISTD_H 1
| #define __EXTENSIONS__ 1
| #define _ALL_SOURCE 1
| #define _GNU_SOURCE 1
| #define _POSIX_PTHREAD_SEMANTICS 1
| #define _TANDEM_SOURCE 1
| #define STDC_HEADERS 1
| #define TIME_WITH_SYS_TIME 1
| #define HAVE_SYS_TIME_H 1
| /* end confdefs.h.  */
| #include <stdio.h>
| #ifdef HAVE_SYS_TYPES_H
| # include <sys/types.h>
| #endif
| #ifdef HAVE_SYS_STAT_H
| # include <sys/stat.h>
| #endif
| #ifdef STDC_HEADERS
| # include <stdlib.h>
| # include <stddef.h>
| #else
| # ifdef HAVE_STDLIB_H
| #  include <stdlib.h>
| # endif
| #endif
| #ifdef HAVE_STRING_H
| # if !defined STDC_HEADERS && defined HAVE_MEMORY_H
| #  include <memory.h>
| # endif
| # include <string.h>
| #endif
| #ifdef HAVE_STRINGS_H
| # include <strings.h>
| #endif
| #ifdef HAVE_INTTYPES_H
| # include <inttypes.h>
| #endif
| #ifdef HAVE_STDINT_H
| # include <stdint.h>
| #endif
| #ifdef HAVE_UNISTD_H
| # include <unistd.h>
| #endif
| #include <mach/mach_time.h>
configure:4340: result: no
configure:4340: checking mach/mach_time.h presence
configure:4340: gcc -E  conftest.c
conftest.c:27:28: fatal error: mach/mach_time.h: No such file or directory
compilation terminated.
configure:4340: $? = 1
configure: failed program was:
| /* confdefs.h */
| #define PACKAGE_NAME "PAPI"
| #define PACKAGE_TARNAME "papi"
| #define PACKAGE_VERSION "6.0.0.1"
| #define PACKAGE_STRING "PAPI 6.0.0.1"
| #define PACKAGE_BUGREPORT "ptools-perfapi@icl.utk.edu"
| #define PACKAGE_URL ""
| #define STDC_HEADERS 1
| #define HAVE_SYS_TYPES_H 1
| #define HAVE_SYS_STAT_H 1
| #define HAVE_STDLIB_H 1
| #define HAVE_STRING_H 1
| #define HAVE_MEMORY_H 1
| #define HAVE_STRINGS_H 1
| #define HAVE_INTTYPES_H 1
| #define HAVE_STDINT_H 1
| #define HAVE_UNISTD_H 1
| #define __EXTENSIONS__ 1
| #define _ALL_SOURCE 1
| #define _GNU_SOURCE 1
| #define _POSIX_PTHREAD_SEMANTICS 1
| #define _TANDEM_SOURCE 1
| #define STDC_HEADERS 1
| #define TIME_WITH_SYS_TIME 1
| #define HAVE_SYS_TIME_H 1
| /* end confdefs.h.  */
| #include <mach/mach_time.h>
configure:4340: result: no
configure:4340: checking for mach/mach_time.h
configure:4340: result: no
configure:4340: checking sched.h usability
configure:4340: gcc -c  -g  conftest.c >&5
configure:4340: $? = 0
configure:4340: result: yes
configure:4340: checking sched.h presence
configure:4340: gcc -E  conftest.c
configure:4340: $? = 0
configure:4340: result: yes
configure:4340: checking for sched.h
configure:4340: result: yes
configure:4353: checking for gethrtime
configure:4353: gcc -o conftest  -g   conftest.c  >&5
/tmp/ccYxSQoX.o: In function `main':
/home/s200010035/papi/src/conftest.c:62: undefined reference to `gethrtime'
collect2: error: ld returned 1 exit status
configure:4353: $? = 1
configure: failed program was:
| /* confdefs.h */
| #define PACKAGE_NAME "PAPI"
| #define PACKAGE_TARNAME "papi"
| #define PACKAGE_VERSION "6.0.0.1"
| #define PACKAGE_STRING "PAPI 6.0.0.1"
| #define PACKAGE_BUGREPORT "ptools-perfapi@icl.utk.edu"
| #define PACKAGE_URL ""
| #define STDC_HEADERS 1
| #define HAVE_SYS_TYPES_H 1
| #define HAVE_SYS_STAT_H 1
| #define HAVE_STDLIB_H 1
| #define HAVE_STRING_H 1
| #define HAVE_MEMORY_H 1
| #define HAVE_STRINGS_H 1
| #define HAVE_INTTYPES_H 1
| #define HAVE_STDINT_H 1
| #define HAVE_UNISTD_H 1
| #define __EXTENSIONS__ 1
| #define _ALL_SOURCE 1
| #define _GNU_SOURCE 1
| #define _POSIX_PTHREAD_SEMANTICS 1
| #define _TANDEM_SOURCE 1
| #define STDC_HEADERS 1
| #define TIME_WITH_SYS_TIME 1
| #define HAVE_SYS_TIME_H 1
| #define HAVE_SCHED_H 1
| /* end confdefs.h.  */
| /* Define gethrtime to an innocuous variant, in case <limits.h> declares gethrtime.
|    For example, HP-UX 11i <limits.h> declares gettimeofday.  */
| #define gethrtime innocuous_gethrtime
| 
| /* System header to define __stub macros and hopefully few prototypes,
|     which can conflict with char gethrtime (); below.
|     Prefer <limits.h> to <assert.h> if __STDC__ is defined, since
|     <limits.h> exists even on freestanding compilers.  */
| 
| #ifdef __STDC__
| # include <limits.h>
| #else
| # include <assert.h>
| #endif
| 
| #undef gethrtime
| 
| /* Override any GCC internal prototype to avoid an error.
|    Use char because int might match the return type of a GCC
|    builtin and then its argument prototype would still apply.  */
| #ifdef __cplusplus
| extern "C"
| #endif
| char gethrtime ();
| /* The GNU C library defines this for functions which it implements
|     to always fail with ENOSYS.  Some functions are actually named
|     something starting with __ and the normal name is an alias.  */
| #if defined __stub_gethrtime || defined __stub___gethrtime
| choke me
| #endif
| 
| int
| main ()
| {
| return gethrtime ();
|   ;
|   return 0;
| }
configure:4353: result: no
configure:4353: checking for read_real_time
configure:4353: gcc -o conftest  -g   conftest.c  >&5
/tmp/ccYrXceU.o: In function `main':
/home/s200010035/papi/src/conftest.c:62: undefined reference to `read_real_time'
collect2: error: ld returned 1 exit status
configure:4353: $? = 1
configure: failed program was:
| /* confdefs.h */
| #define PACKAGE_NAME "PAPI"
| #define PACKAGE_TARNAME "papi"
| #define PACKAGE_VERSION "6.0.0.1"
| #define PACKAGE_STRING "PAPI 6.0.0.1"
| #define PACKAGE_BUGREPORT "ptools-perfapi@icl.utk.edu"
| #define PACKAGE_URL ""
| #define STDC_HEADERS 1
| #define HAVE_SYS_TYPES_H 1
| #define HAVE_SYS_STAT_H 1
| #define HAVE_STDLIB_H 1
| #define HAVE_STRING_H 1
| #define HAVE_MEMORY_H 1
| #define HAVE_STRINGS_H 1
| #define HAVE_INTTYPES_H 1
| #define HAVE_STDINT_H 1
| #define HAVE_UNISTD_H 1
| #define __EXTENSIONS__ 1
| #define _ALL_SOURCE 1
| #define _GNU_SOURCE 1
| #define _POSIX_PTHREAD_SEMANTICS 1
| #define _TANDEM_SOURCE 1
| #define STDC_HEADERS 1
| #define TIME_WITH_SYS_TIME 1
| #define HAVE_SYS_TIME_H 1
| #define HAVE_SCHED_H 1
| /* end confdefs.h.  */
| /* Define read_real_time to an innocuous variant, in case <limits.h> declares read_real_time.
|    For example, HP-UX 11i <limits.h> declares gettimeofday.  */
| #define read_real_time innocuous_read_real_time
| 
| /* System header to define __stub macros and hopefully few prototypes,
|     which can conflict with char read_real_time (); below.
|     Prefer <limits.h> to <assert.h> if __STDC__ is defined, since
|     <limits.h> exists even on freestanding compilers.  */
| 
| #ifdef __STDC__
| # include <limits.h>
| #else
| # include <assert.h>
| #endif
| 
| #undef read_real_time
| 
| /* Override any GCC internal prototype to avoid an error.
|    Use char because int might match the return type of a GCC
|    builtin and then its argument prototype would still apply.  */
| #ifdef __cplusplus
| extern "C"
| #endif
| char read_real_time ();
| /* The GNU C library defines this for functions which it implements
|     to always fail with ENOSYS.  Some functions are actually named
|     something starting with __ and the normal name is an alias.  */
| #if defined __stub_read_real_time || defined __stub___read_real_time
| choke me
| #endif
| 
| int
| main ()
| {
| return read_real_time ();
|   ;
|   return 0;
| }
configure:4353: result: no
configure:4353: checking for time_base_to_time
configure:4353: gcc -o conftest  -g   conftest.c  >&5
/tmp/cct5vAq3.o: In function `main':
/home/s200010035/papi/src/conftest.c:62: undefined reference to `time_base_to_time'
collect2: error: ld returned 1 exit status
configure:4353: $? = 1
configure: failed program was:
| /* confdefs.h */
| #define PACKAGE_NAME "PAPI"
| #define PACKAGE_TARNAME "papi"
| #define PACKAGE_VERSION "6.0.0.1"
| #define PACKAGE_STRING "PAPI 6.0.0.1"
| #define PACKAGE_BUGREPORT "ptools-perfapi@icl.utk.edu"
| #define PACKAGE_URL ""
| #define STDC_HEADERS 1
| #define HAVE_SYS_TYPES_H 1
| #define HAVE_SYS_STAT_H 1
| #define HAVE_STDLIB_H 1
| #define HAVE_STRING_H 1
| #define HAVE_MEMORY_H 1
| #define HAVE_STRINGS_H 1
| #define HAVE_INTTYPES_H 1
| #define HAVE_STDINT_H 1
| #define HAVE_UNISTD_H 1
| #define __EXTENSIONS__ 1
| #define _ALL_SOURCE 1
| #define _GNU_SOURCE 1
| #define _POSIX_PTHREAD_SEMANTICS 1
| #define _TANDEM_SOURCE 1
| #define STDC_HEADERS 1
| #define TIME_WITH_SYS_TIME 1
| #define HAVE_SYS_TIME_H 1
| #define HAVE_SCHED_H 1
| /* end confdefs.h.  */
| /* Define time_base_to_time to an innocuous variant, in case <limits.h> declares time_base_to_time.
|    For example, HP-UX 11i <limits.h> declares gettimeofday.  */
| #define time_base_to_time innocuous_time_base_to_time
| 
| /* System header to define __stub macros and hopefully few prototypes,
|     which can conflict with char time_base_to_time (); below.
|     Prefer <limits.h> to <assert.h> if __STDC__ is defined, since
|     <limits.h> exists even on freestanding compilers.  */
| 
| #ifdef __STDC__
| # include <limits.h>
| #else
| # include <assert.h>
| #endif
| 
| #undef time_base_to_time
| 
| /* Override any GCC internal prototype to avoid an error.
|    Use char because int might match the return type of a GCC
|    builtin and then its argument prototype would still apply.  */
| #ifdef __cplusplus
| extern "C"
| #endif
| char time_base_to_time ();
| /* The GNU C library defines this for functions which it implements
|     to always fail with ENOSYS.  Some functions are actually named
|     something starting with __ and the normal name is an alias.  */
| #if defined __stub_time_base_to_time || defined __stub___time_base_to_time
| choke me
| #endif
| 
| int
| main ()
| {
| return time_base_to_time ();
|   ;
|   return 0;
| }
configure:4353: result: no
configure:4353: checking for clock_gettime
configure:4353: gcc -o conftest  -g   conftest.c  >&5
configure:4353: $? = 0
configure:4353: result: yes
configure:4353: checking for mach_absolute_time
configure:4353: gcc -o conftest  -g   conftest.c  >&5
/tmp/ccYnoXRb.o: In function `main':
/home/s200010035/papi/src/conftest.c:63: undefined reference to `mach_absolute_time'
collect2: error: ld returned 1 exit status
configure:4353: $? = 1
configure: failed program was:
| /* confdefs.h */
| #define PACKAGE_NAME "PAPI"
| #define PACKAGE_TARNAME "papi"
| #define PACKAGE_VERSION "6.0.0.1"
| #define PACKAGE_STRING "PAPI 6.0.0.1"
| #define PACKAGE_BUGREPORT "ptools-perfapi@icl.utk.edu"
| #define PACKAGE_URL ""
| #define STDC_HEADERS 1
| #define HAVE_SYS_TYPES_H 1
| #define HAVE_SYS_STAT_H 1
| #define HAVE_STDLIB_H 1
| #define HAVE_STRING_H 1
| #define HAVE_MEMORY_H 1
| #define HAVE_STRINGS_H 1
| #define HAVE_INTTYPES_H 1
| #define HAVE_STDINT_H 1
| #define HAVE_UNISTD_H 1
| #define __EXTENSIONS__ 1
| #define _ALL_SOURCE 1
| #define _GNU_SOURCE 1
| #define _POSIX_PTHREAD_SEMANTICS 1
| #define _TANDEM_SOURCE 1
| #define STDC_HEADERS 1
| #define TIME_WITH_SYS_TIME 1
| #define HAVE_SYS_TIME_H 1
| #define HAVE_SCHED_H 1
| #define HAVE_CLOCK_GETTIME 1
| /* end confdefs.h.  */
| /* Define mach_absolute_time to an innocuous variant, in case <limits.h> declares mach_absolute_time.
|    For example, HP-UX 11i <limits.h> declares gettimeofday.  */
| #define mach_absolute_time innocuous_mach_absolute_time
| 
| /* System header to define __stub macros and hopefully few prototypes,
|     which can conflict with char mach_absolute_time (); below.
|     Prefer <limits.h> to <assert.h> if __STDC__ is defined, since
|     <limits.h> exists even on freestanding compilers.  */
| 
| #ifdef __STDC__
| # include <limits.h>
| #else
| # include <assert.h>
| #endif
| 
| #undef mach_absolute_time
| 
| /* Override any GCC internal prototype to avoid an error.
|    Use char because int might match the return type of a GCC
|    builtin and then its argument prototype would still apply.  */
| #ifdef __cplusplus
| extern "C"
| #endif
| char mach_absolute_time ();
| /* The GNU C library defines this for functions which it implements
|     to always fail with ENOSYS.  Some functions are actually named
|     something starting with __ and the normal name is an alias.  */
| #if defined __stub_mach_absolute_time || defined __stub___mach_absolute_time
| choke me
| #endif
| 
| int
| main ()
| {
| return mach_absolute_time ();
|   ;
|   return 0;
| }
configure:4353: result: no
configure:4353: checking for sched_getcpu
configure:4353: gcc -o conftest  -g   conftest.c  >&5
configure:4353: $? = 0
configure:4353: result: yes
configure:4368: checking for timer_create and timer_*ettime symbols in base system
configure:4382: gcc -o conftest  -g   conftest.c  >&5
/tmp/ccrc6DCp.o: In function `main':
/home/s200010035/papi/src/conftest.c:35: undefined reference to `timer_create'
collect2: error: ld returned 1 exit status
configure:4382: $? = 1
configure: failed program was:
| /* confdefs.h */
| #define PACKAGE_NAME "PAPI"
| #define PACKAGE_TARNAME "papi"
| #define PACKAGE_VERSION "6.0.0.1"
| #define PACKAGE_STRING "PAPI 6.0.0.1"
| #define PACKAGE_BUGREPORT "ptools-perfapi@icl.utk.edu"
| #define PACKAGE_URL ""
| #define STDC_HEADERS 1
| #define HAVE_SYS_TYPES_H 1
| #define HAVE_SYS_STAT_H 1
| #define HAVE_STDLIB_H 1
| #define HAVE_STRING_H 1
| #define HAVE_MEMORY_H 1
| #define HAVE_STRINGS_H 1
| #define HAVE_INTTYPES_H 1
| #define HAVE_STDINT_H 1
| #define HAVE_UNISTD_H 1
| #define __EXTENSIONS__ 1
| #define _ALL_SOURCE 1
| #define _GNU_SOURCE 1
| #define _POSIX_PTHREAD_SEMANTICS 1
| #define _TANDEM_SOURCE 1
| #define STDC_HEADERS 1
| #define TIME_WITH_SYS_TIME 1
| #define HAVE_SYS_TIME_H 1
| #define HAVE_SCHED_H 1
| #define HAVE_CLOCK_GETTIME 1
| #define HAVE_SCHED_GETCPU 1
| /* end confdefs.h.  */
| #include <signal.h>
|              #include <time.h>
| int
| main ()
| {
| timer_t timerid; timer_create(CLOCK_REALTIME, NULL, &timerid);
|   ;
|   return 0;
| }
configure:4394: result: not found
configure:4396: checking for timer_create and timer_*ettime symbols in -lrt
configure:4412: gcc -o conftest  -g   conftest.c  -lrt >&5
configure:4412: $? = 0
configure:4421: result: found
configure:4467: checking for dlopen and dlerror symbols in base system
configure:4480: gcc -o conftest  -g   conftest.c  >&5
/tmp/cc0IduXy.o: In function `main':
/home/s200010035/papi/src/conftest.c:34: undefined reference to `dlopen'
/home/s200010035/papi/src/conftest.c:34: undefined reference to `dlerror'
collect2: error: ld returned 1 exit status
configure:4480: $? = 1
configure: failed program was:
| /* confdefs.h */
| #define PACKAGE_NAME "PAPI"
| #define PACKAGE_TARNAME "papi"
| #define PACKAGE_VERSION "6.0.0.1"
| #define PACKAGE_STRING "PAPI 6.0.0.1"
| #define PACKAGE_BUGREPORT "ptools-perfapi@icl.utk.edu"
| #define PACKAGE_URL ""
| #define STDC_HEADERS 1
| #define HAVE_SYS_TYPES_H 1
| #define HAVE_SYS_STAT_H 1
| #define HAVE_STDLIB_H 1
| #define HAVE_STRING_H 1
| #define HAVE_MEMORY_H 1
| #define HAVE_STRINGS_H 1
| #define HAVE_INTTYPES_H 1
| #define HAVE_STDINT_H 1
| #define HAVE_UNISTD_H 1
| #define __EXTENSIONS__ 1
| #define _ALL_SOURCE 1
| #define _GNU_SOURCE 1
| #define _POSIX_PTHREAD_SEMANTICS 1
| #define _TANDEM_SOURCE 1
| #define STDC_HEADERS 1
| #define TIME_WITH_SYS_TIME 1
| #define HAVE_SYS_TIME_H 1
| #define HAVE_SCHED_H 1
| #define HAVE_CLOCK_GETTIME 1
| #define HAVE_SCHED_GETCPU 1
| /* end confdefs.h.  */
| #include <dlfcn.h>
| int
| main ()
| {
| void *p = dlopen ("", 0); char *c = dlerror();
|   ;
|   return 0;
| }
configure:4492: result: not found
configure:4494: checking for dlopen and dlerror symbols in -ldl
configure:4509: gcc -o conftest  -g   conftest.c  -ldl >&5
configure:4509: $? = 0
configure:4518: result: found
configure:4628: checking for tests
configure:4679: result: ctests ftests 
configure:4697: checking for building libsde
configure:4719: result: yes
configure:4724: checking for debug build
configure:4747: result: 
configure:4761: checking for -Wno-override-init
configure:4771: gcc -c  -g -Wextra -Wall -Wextra -Werror -Wno-override-init  conftest.c >&5
configure:4771: $? = 0
configure:4778: result: 1
configure:4782: checking for CPU type
configure:4948: result: x86
configure:4984: checking for ffsll
configure:4984: gcc -o conftest  -g -Wextra   conftest.c  >&5
conftest.c:54:6: warning: conflicting types for built-in function 'ffsll'
 char ffsll ();
      ^
configure:4984: $? = 0
configure:4984: result: yes
configure:5010: checking for working gettid
configure:5017: gcc -o conftest  -g -Wextra   conftest.c  >&5
conftest.c:33:17: warning: return type defaults to 'int' [-Wimplicit-int]
                 main() { pid_t a = gettid(); }
                 ^
conftest.c: In function 'main':
conftest.c:33:36: warning: implicit declaration of function 'gettid' [-Wimplicit-function-declaration]
                 main() { pid_t a = gettid(); }
                                    ^
/tmp/ccHO0VUW.o: In function `main':
/home/s200010035/papi/src/conftest.c:33: undefined reference to `gettid'
collect2: error: ld returned 1 exit status
configure:5017: $? = 1
configure: failed program was:
| /* confdefs.h */
| #define PACKAGE_NAME "PAPI"
| #define PACKAGE_TARNAME "papi"
| #define PACKAGE_VERSION "6.0.0.1"
| #define PACKAGE_STRING "PAPI 6.0.0.1"
| #define PACKAGE_BUGREPORT "ptools-perfapi@icl.utk.edu"
| #define PACKAGE_URL ""
| #define STDC_HEADERS 1
| #define HAVE_SYS_TYPES_H 1
| #define HAVE_SYS_STAT_H 1
| #define HAVE_STDLIB_H 1
| #define HAVE_STRING_H 1
| #define HAVE_MEMORY_H 1
| #define HAVE_STRINGS_H 1
| #define HAVE_INTTYPES_H 1
| #define HAVE_STDINT_H 1
| #define HAVE_UNISTD_H 1
| #define __EXTENSIONS__ 1
| #define _ALL_SOURCE 1
| #define _GNU_SOURCE 1
| #define _POSIX_PTHREAD_SEMANTICS 1
| #define _TANDEM_SOURCE 1
| #define STDC_HEADERS 1
| #define TIME_WITH_SYS_TIME 1
| #define HAVE_SYS_TIME_H 1
| #define HAVE_SCHED_H 1
| #define HAVE_CLOCK_GETTIME 1
| #define HAVE_SCHED_GETCPU 1
| #define CPU x86
| #define HAVE_FFSLL 1
| /* end confdefs.h.  */
| #include <sys/types.h>
|                 main() { pid_t a = gettid(); }
configure:5024: result: no
configure:5026: checking for working syscall(SYS_gettid)
configure:5034: gcc -o conftest  -g -Wextra   conftest.c  >&5
conftest.c:34:33: warning: return type defaults to 'int' [-Wimplicit-int]
                                 main() { pid_t a = syscall(SYS_gettid); }
                                 ^
conftest.c: In function 'main':
conftest.c:34:52: warning: implicit declaration of function 'syscall' [-Wimplicit-function-declaration]
                                 main() { pid_t a = syscall(SYS_gettid); }
                                                    ^
configure:5034: $? = 0
configure:5035: result: yes
configure:5058: checking for working MMTIMER
configure:5088: gcc -o conftest  -g -Wextra   conftest.c  >&5
configure:5088: $? = 0
configure:5088: ./conftest
configure:5088: $? = 1
configure: program exited with status 1
configure: failed program was:
| /* confdefs.h */
| #define PACKAGE_NAME "PAPI"
| #define PACKAGE_TARNAME "papi"
| #define PACKAGE_VERSION "6.0.0.1"
| #define PACKAGE_STRING "PAPI 6.0.0.1"
| #define PACKAGE_BUGREPORT "ptools-perfapi@icl.utk.edu"
| #define PACKAGE_URL ""
| #define STDC_HEADERS 1
| #define HAVE_SYS_TYPES_H 1
| #define HAVE_SYS_STAT_H 1
| #define HAVE_STDLIB_H 1
| #define HAVE_STRING_H 1
| #define HAVE_MEMORY_H 1
| #define HAVE_STRINGS_H 1
| #define HAVE_INTTYPES_H 1
| #define HAVE_STDINT_H 1
| #define HAVE_UNISTD_H 1
| #define __EXTENSIONS__ 1
| #define _ALL_SOURCE 1
| #define _GNU_SOURCE 1
| #define _POSIX_PTHREAD_SEMANTICS 1
| #define _TANDEM_SOURCE 1
| #define STDC_HEADERS 1
| #define TIME_WITH_SYS_TIME 1
| #define HAVE_SYS_TIME_H 1
| #define HAVE_SCHED_H 1
| #define HAVE_CLOCK_GETTIME 1
| #define HAVE_SCHED_GETCPU 1
| #define CPU x86
| #define HAVE_FFSLL 1
| #define HAVE_SYSCALL_GETTID 1
| /* end confdefs.h.  */
| #include <unistd.h>
|                          #include <fcntl.h>
|                          #include <errno.h>
|                          #include <stdlib.h>
|                          #include <sys/ioctl.h>
|                          #include <linux/mmtimer.h>
|                          #ifndef MMTIMER_FULLNAME
|                          #define MMTIMER_FULLNAME "/dev/mmtimer"
|                          #endif
|                          int main() {
|                            int offset;
|                            int fd;
|                            if((fd = open(MMTIMER_FULLNAME, O_RDONLY)) == -1)
|                              exit(1);
|                            if ((offset = ioctl(fd, MMTIMER_GETOFFSET, 0)) < 0)
|                              exit(1);
|                            close(fd);
|                            exit(0);
|                          }
configure:5093: result: no
configure:5095: checking for working CLOCK_REALTIME_HR POSIX 1b timer
configure:5123: gcc -o conftest  -g -Wextra   conftest.c  >&5
conftest.c:38:38: warning: return type defaults to 'int' [-Wimplicit-int]
                                      main() {
                                      ^
conftest.c: In function 'main':
conftest.c:41:71: error: 'CLOCK_REALTIME_HR' undeclared (first use in this function)
                                        if (syscall(__NR_clock_gettime,CLOCK_REALTIME_HR,&t1) == -1) exit(1);
                                                                       ^
conftest.c:41:71: note: each undeclared identifier is reported only once for each function it appears in
configure:5123: $? = 1
configure: program exited with status 1
configure: failed program was:
| /* confdefs.h */
| #define PACKAGE_NAME "PAPI"
| #define PACKAGE_TARNAME "papi"
| #define PACKAGE_VERSION "6.0.0.1"
| #define PACKAGE_STRING "PAPI 6.0.0.1"
| #define PACKAGE_BUGREPORT "ptools-perfapi@icl.utk.edu"
| #define PACKAGE_URL ""
| #define STDC_HEADERS 1
| #define HAVE_SYS_TYPES_H 1
| #define HAVE_SYS_STAT_H 1
| #define HAVE_STDLIB_H 1
| #define HAVE_STRING_H 1
| #define HAVE_MEMORY_H 1
| #define HAVE_STRINGS_H 1
| #define HAVE_INTTYPES_H 1
| #define HAVE_STDINT_H 1
| #define HAVE_UNISTD_H 1
| #define __EXTENSIONS__ 1
| #define _ALL_SOURCE 1
| #define _GNU_SOURCE 1
| #define _POSIX_PTHREAD_SEMANTICS 1
| #define _TANDEM_SOURCE 1
| #define STDC_HEADERS 1
| #define TIME_WITH_SYS_TIME 1
| #define HAVE_SYS_TIME_H 1
| #define HAVE_SCHED_H 1
| #define HAVE_CLOCK_GETTIME 1
| #define HAVE_SCHED_GETCPU 1
| #define CPU x86
| #define HAVE_FFSLL 1
| #define HAVE_SYSCALL_GETTID 1
| /* end confdefs.h.  */
| #include <unistd.h>
|                                      #include <stdlib.h>
|                                      #include <stdio.h>
|                                      #include <time.h>
|                                      #include <syscall.h>
|                                      main() {
|                                        struct timespec t1, t2;
|                                        double seconds;
|                                        if (syscall(__NR_clock_gettime,CLOCK_REALTIME_HR,&t1) == -1) exit(1);
|                                          sleep(1);
|                                        if (syscall(__NR_clock_gettime,CLOCK_REALTIME_HR,&t2) == -1) exit(1);
|                                          seconds = ((double)t2.tv_sec + (double)t2.tv_nsec/1000000000.0) - ((double)t1.tv_sec + (double)t1.tv_nsec/1000000000.0);
|                                        if (seconds > 1.0)
|                                          exit(0);
|                                        else
|                                          exit(1);
|                                      }
configure:5128: result: no
configure:5130: checking for working CLOCK_REALTIME POSIX 1b timer
configure:5158: gcc -o conftest  -g -Wextra   conftest.c  >&5
conftest.c:38:50: warning: return type defaults to 'int' [-Wimplicit-int]
                                                  main() {
                                                  ^
configure:5158: $? = 0
configure:5158: ./conftest
configure:5158: $? = 0
configure:5160: result: yes
configure:5183: checking for which real time clock to use
configure:5215: result: clock_realtime
configure:5233: checking for working __thread
configure:5266: gcc -o conftest -pthread   conftest.c  >&5
conftest.c: In function 'thread_main':
conftest.c:40:34: warning: cast from pointer to integer of different size [-Wpointer-to-int-cast]
                              i = (int)arg;
                                  ^
conftest.c:42:34: warning: cast from pointer to integer of different size [-Wpointer-to-int-cast]
                              if ((int)arg == 1)
                                  ^
conftest.c:43:39: warning: cast from pointer to integer of different size [-Wpointer-to-int-cast]
                          res1 = (i == (int)arg);
                                       ^
conftest.c:45:39: warning: cast from pointer to integer of different size [-Wpointer-to-int-cast]
                          res2 = (i == (int)arg);
                                       ^
conftest.c: In function 'main':
conftest.c:51:57: warning: passing argument 3 of 'pthread_create' from incompatible pointer type [-Wincompatible-pointer-types]
                              pthread_create (&t1, NULL, thread_main, (void *)1);
                                                         ^
In file included from conftest.c:35:0:
/usr/include/pthread.h:233:12: note: expected 'void * (*)(void *)' but argument is of type 'void (*)(void *)'
 extern int pthread_create (pthread_t *__restrict __newthread,
            ^
conftest.c:52:57: warning: passing argument 3 of 'pthread_create' from incompatible pointer type [-Wincompatible-pointer-types]
                              pthread_create (&t2, NULL, thread_main, (void *)2);
                                                         ^
In file included from conftest.c:35:0:
/usr/include/pthread.h:233:12: note: expected 'void * (*)(void *)' but argument is of type 'void (*)(void *)'
 extern int pthread_create (pthread_t *__restrict __newthread,
            ^
configure:5266: $? = 0
configure:5266: ./conftest
configure:5266: $? = 0
configure:5267: result: yes
configure:5297: checking for high performance thread local storage
configure:5312: result: __thread
configure:5323: checking for working CLOCK_THREAD_CPUTIME_ID POSIX 1b timer
configure:5394: gcc -o conftest -pthread   conftest.c  >&5
conftest.c: In function 'doThreadTwo':
conftest.c:77:34: warning: return makes pointer from integer without a cast [-Wint-conversion]
                           return j;
                                  ^
configure:5394: $? = 0
configure:5394: ./conftest
configure:5394: $? = 0
configure:5395: result: yes
configure:5489: checking for which virtual timer to use
configure:5512: result: clock_thread_cputime_id
configure:5611: checking for static user preset events
configure:5624: result: no
configure:5627: checking for static PAPI preset events
configure:5640: result: yes
configure:5643: checking for whether to build static library
configure:5653: result: yes
configure:5656: checking for whether to build shared library
configure:5666: result: yes
configure:5684: checking for static compile of tests and utilities
configure:5693: result: no
configure:5703: checking for linking with papi shared library of tests and utilities
configure:5713: result: no
configure:5765: checking for /sys/class/perfctr
configure:5778: result: no
configure:5783: checking for /dev/perfctr
configure:5796: result: no
configure:6017: checking for /sys/kernel/perfmon/version
configure:6030: result: no
configure:6035: checking for /proc/perfmon
configure:6048: result: no
configure:6185: checking for /proc/sys/kernel/perf_event_paranoid
configure:6198: result: yes
configure:6204: checking for libpfm4/include/perfmon/perf_event.h
configure:6218: result: yes
configure:6418: checking platform
configure:6562: result: linux-pe
configure:6981: checking for components to build
configure:7126: checking mpi.h usability
configure:7126: gcc -c  -g -Wextra  -Wall  conftest.c >&5
conftest.c:73:17: fatal error: mpi.h: No such file or directory
compilation terminated.
configure:7126: $? = 1
configure: failed program was:
| /* confdefs.h */
| #define PACKAGE_NAME "PAPI"
| #define PACKAGE_TARNAME "papi"
| #define PACKAGE_VERSION "6.0.0.1"
| #define PACKAGE_STRING "PAPI 6.0.0.1"
| #define PACKAGE_BUGREPORT "ptools-perfapi@icl.utk.edu"
| #define PACKAGE_URL ""
| #define STDC_HEADERS 1
| #define HAVE_SYS_TYPES_H 1
| #define HAVE_SYS_STAT_H 1
| #define HAVE_STDLIB_H 1
| #define HAVE_STRING_H 1
| #define HAVE_MEMORY_H 1
| #define HAVE_STRINGS_H 1
| #define HAVE_INTTYPES_H 1
| #define HAVE_STDINT_H 1
| #define HAVE_UNISTD_H 1
| #define __EXTENSIONS__ 1
| #define _ALL_SOURCE 1
| #define _GNU_SOURCE 1
| #define _POSIX_PTHREAD_SEMANTICS 1
| #define _TANDEM_SOURCE 1
| #define STDC_HEADERS 1
| #define TIME_WITH_SYS_TIME 1
| #define HAVE_SYS_TIME_H 1
| #define HAVE_SCHED_H 1
| #define HAVE_CLOCK_GETTIME 1
| #define HAVE_SCHED_GETCPU 1
| #define CPU x86
| #define HAVE_FFSLL 1
| #define HAVE_SYSCALL_GETTID 1
| #define HAVE_CLOCK_GETTIME 1
| #define HAVE_CLOCK_GETTIME_REALTIME 1
| #define HAVE_THREAD_LOCAL_STORAGE __thread
| #define HAVE_CLOCK_GETTIME_THREAD CLOCK_THREAD_CPUTIME_ID
| #define HAVE_PERFMON_PFMLIB_MONTECITO_H 1
| #define HAVE_PFM_GET_EVENT_DESCRIPTION 1
| #define HAVE_PFMLIB_OUTPUT_PFP_PMD_COUNT 1
| /* end confdefs.h.  */
| #include <stdio.h>
| #ifdef HAVE_SYS_TYPES_H
| # include <sys/types.h>
| #endif
| #ifdef HAVE_SYS_STAT_H
| # include <sys/stat.h>
| #endif
| #ifdef STDC_HEADERS
| # include <stdlib.h>
| # include <stddef.h>
| #else
| # ifdef HAVE_STDLIB_H
| #  include <stdlib.h>
| # endif
| #endif
| #ifdef HAVE_STRING_H
| # if !defined STDC_HEADERS && defined HAVE_MEMORY_H
| #  include <memory.h>
| # endif
| # include <string.h>
| #endif
| #ifdef HAVE_STRINGS_H
| # include <strings.h>
| #endif
| #ifdef HAVE_INTTYPES_H
| # include <inttypes.h>
| #endif
| #ifdef HAVE_STDINT_H
| # include <stdint.h>
| #endif
| #ifdef HAVE_UNISTD_H
| # include <unistd.h>
| #endif
| #include <mpi.h>
configure:7126: result: no
configure:7126: checking mpi.h presence
configure:7126: gcc -E  conftest.c
conftest.c:40:17: fatal error: mpi.h: No such file or directory
compilation terminated.
configure:7126: $? = 1
configure: failed program was:
| /* confdefs.h */
| #define PACKAGE_NAME "PAPI"
| #define PACKAGE_TARNAME "papi"
| #define PACKAGE_VERSION "6.0.0.1"
| #define PACKAGE_STRING "PAPI 6.0.0.1"
| #define PACKAGE_BUGREPORT "ptools-perfapi@icl.utk.edu"
| #define PACKAGE_URL ""
| #define STDC_HEADERS 1
| #define HAVE_SYS_TYPES_H 1
| #define HAVE_SYS_STAT_H 1
| #define HAVE_STDLIB_H 1
| #define HAVE_STRING_H 1
| #define HAVE_MEMORY_H 1
| #define HAVE_STRINGS_H 1
| #define HAVE_INTTYPES_H 1
| #define HAVE_STDINT_H 1
| #define HAVE_UNISTD_H 1
| #define __EXTENSIONS__ 1
| #define _ALL_SOURCE 1
| #define _GNU_SOURCE 1
| #define _POSIX_PTHREAD_SEMANTICS 1
| #define _TANDEM_SOURCE 1
| #define STDC_HEADERS 1
| #define TIME_WITH_SYS_TIME 1
| #define HAVE_SYS_TIME_H 1
| #define HAVE_SCHED_H 1
| #define HAVE_CLOCK_GETTIME 1
| #define HAVE_SCHED_GETCPU 1
| #define CPU x86
| #define HAVE_FFSLL 1
| #define HAVE_SYSCALL_GETTID 1
| #define HAVE_CLOCK_GETTIME 1
| #define HAVE_CLOCK_GETTIME_REALTIME 1
| #define HAVE_THREAD_LOCAL_STORAGE __thread
| #define HAVE_CLOCK_GETTIME_THREAD CLOCK_THREAD_CPUTIME_ID
| #define HAVE_PERFMON_PFMLIB_MONTECITO_H 1
| #define HAVE_PFM_GET_EVENT_DESCRIPTION 1
| #define HAVE_PFMLIB_OUTPUT_PFP_PMD_COUNT 1
| /* end confdefs.h.  */
| #include <mpi.h>
configure:7126: result: no
configure:7126: checking for mpi.h
configure:7126: result: no
configure:7135: result: perf_event perf_event_uncore sysdetect
configure:7138: checking for PAPI event CSV filename to use
configure:7143: result: papi_events.csv
configure:7240: Compiling genpapifdef with gcc
configure:7245: Generating fpapi.h
configure:7248: Generating f77papi.h
configure:7251: Generating f90papi.h
configure:7255: Rules.pfm4_pe will be included in the generated Makefile
configure:7375: creating ./config.status

## ---------------------- ##
## Running config.status. ##
## ---------------------- ##

This file was extended by PAPI config.status 6.0.0.1, which was
generated by GNU Autoconf 2.69.  Invocation command line was

  CONFIG_FILES    = 
  CONFIG_HEADERS  = 
  CONFIG_LINKS    = 
  CONFIG_COMMANDS = 
  $ ./config.status 

on cares2

config.status:912: creating Makefile
config.status:912: creating papi.pc
config.status:912: creating components/Makefile_comp_tests.target
config.status:912: creating testlib/Makefile.target
config.status:912: creating utils/Makefile.target
config.status:912: creating ctests/Makefile.target
config.status:912: creating ftests/Makefile.target
config.status:912: creating validation_tests/Makefile.target
config.status:912: creating config.h

## ---------------- ##
## Cache variables. ##
## ---------------- ##

ac_cv_c_compiler_gnu=yes
ac_cv_c_inline=inline
ac_cv_env_CC_set=
ac_cv_env_CC_value=
ac_cv_env_CFLAGS_set=
ac_cv_env_CFLAGS_value=
ac_cv_env_CPPFLAGS_set=
ac_cv_env_CPPFLAGS_value=
ac_cv_env_CPP_set=
ac_cv_env_CPP_value=
ac_cv_env_F77_set=
ac_cv_env_F77_value=
ac_cv_env_FFLAGS_set=
ac_cv_env_FFLAGS_value=
ac_cv_env_LDFLAGS_set=
ac_cv_env_LDFLAGS_value=
ac_cv_env_LIBS_set=
ac_cv_env_LIBS_value=
ac_cv_env_build_alias_set=
ac_cv_env_build_alias_value=
ac_cv_env_host_alias_set=
ac_cv_env_host_alias_value=
ac_cv_env_target_alias_set=
ac_cv_env_target_alias_value=
ac_cv_f77_compiler_gnu=yes
ac_cv_file__dev_perfctr=no
ac_cv_file__proc_perfmon=no
ac_cv_file__proc_sys_kernel_perf_event_paranoid=yes
ac_cv_file__sys_class_perfctr=no
ac_cv_file__sys_kernel_perfmon_version=no
ac_cv_file_libpfm4_include_perfmon_perf_event_h=yes
ac_cv_func_clock_gettime=yes
ac_cv_func_ffsll=yes
ac_cv_func_gethrtime=no
ac_cv_func_mach_absolute_time=no
ac_cv_func_read_real_time=no
ac_cv_func_sched_getcpu=yes
ac_cv_func_time_base_to_time=no
ac_cv_header_c_asm_h=no
ac_cv_header_intrinsics_h=no
ac_cv_header_inttypes_h=yes
ac_cv_header_mach_mach_time_h=no
ac_cv_header_memory_h=yes
ac_cv_header_minix_config_h=no
ac_cv_header_mpi_h=no
ac_cv_header_sched_h=yes
ac_cv_header_stdc=yes
ac_cv_header_stdint_h=yes
ac_cv_header_stdlib_h=yes
ac_cv_header_string_h=yes
ac_cv_header_strings_h=yes
ac_cv_header_sys_stat_h=yes
ac_cv_header_sys_time_h=yes
ac_cv_header_sys_types_h=yes
ac_cv_header_time=yes
ac_cv_header_unistd_h=yes
ac_cv_objext=o
ac_cv_path_EGREP='/bin/grep -E'
ac_cv_path_GREP=/bin/grep
ac_cv_prog_AWK=gawk
ac_cv_prog_CPP='gcc -E'
ac_cv_prog_ac_ct_CC=gcc
ac_cv_prog_ac_ct_F77=gfortran
ac_cv_prog_ac_ct_RANLIB=ranlib
ac_cv_prog_cc_c89=
ac_cv_prog_cc_g=yes
ac_cv_prog_f77_g=yes
ac_cv_prog_make_make_set=yes
ac_cv_safe_to_define___extensions__=yes

## ----------------- ##
## Output variables. ##
## ----------------- ##

AR='ar'
ARCH_EVENTS=''
ARG64=''
AWK='gawk'
BGPM_INSTALL_DIR=''
BGP_SYSDIR=''
BITFLAGS=''
BUILD_LIBSDE='yes'
CC='gcc'
CC_COMMON_NAME='gcc'
CC_R='$(CC) -pthread'
CC_SHR='$(CC) -fPIC -DPIC -shared -Wl,-soname -Wl,$(VLIB) -Xlinker "-rpath" -Xlinker "$(LIBDIR)"'
CFLAGS=' -g -Wextra  -Wall -DPAPI_NUM_COMP=3'
COMPONENTS=' perf_event perf_event_uncore sysdetect'
COMPONENT_RULES='components/Rules.components components/perf_event/Rules.perf_event components/perf_event_uncore/Rules.perf_event_uncore components/sysdetect/Rules.sysdetect'
CPP='gcc -E'
CPPFLAGS=''
CPU='x86'
CPUCOMPONENT_C=''
CPUCOMPONENT_NAME='perf_event'
CPUCOMPONENT_OBJ=''
CPU_MODEL=''
CTEST_TARGETS='all'
DEFS='-DHAVE_CONFIG_H'
DESCR=''
ECHO_C=''
ECHO_N='-n'
ECHO_T=''
EGREP='/bin/grep -E'
EXEEXT=''
F77='gfortran'
FFLAGS=' -g -Wextra  -Wall   -Dlinux -ffixed-line-length-132'
FILENAME='Rules.pfm4_pe'
FLAGS=''
FTEST_TARGETS='all'
GREP='/bin/grep'
HAVE_NO_OVERRIDE_INIT='1'
LDFLAGS=''
LDL='-ldl'
LIBOBJS=''
LIBRARY='libpapi.a'
LIBS=''
LIBSDEFLAGS='/home/s200010035/papi/src/libsde.a -DSDE'
LINKLIB='$(LIBRARY)'
LN_S='ln -s'
LRT='-lrt'
LTLIBOBJS=''
MAKEVER='linux-pe'
MIC='no'
MISCHDRS=''
MISCOBJS='$(MISCSRCS:.c=.o)'
MISCSRCS=' x86_cpuid_info.c'
MPICC=''
MPIICC=''
NEC='no'
NOOPT=''
NO_MPI_TESTS='yes'
OBJEXT='o'
OMPCFLGS='-fopenmp'
OPTFLAGS='-O2'
OS='linux'
OSCONTEXT='linux-context.h'
OSFILESHDR='linux-memory.h linux-timer.h linux-common.h'
OSFILESOBJ='$(OSFILESSRC:.c=.o)'
OSFILESSRC='linux-memory.c linux-timer.c linux-common.c'
OSLOCK='linux-lock.h'
PACKAGE_BUGREPORT='ptools-perfapi@icl.utk.edu'
PACKAGE_NAME='PAPI'
PACKAGE_STRING='PAPI 6.0.0.1'
PACKAGE_TARNAME='papi'
PACKAGE_URL=''
PACKAGE_VERSION='6.0.0.1'
PAPICFLAGS='-DPAPI_NO_MEMORY_MANAGEMENT -DSTATIC_PAPI_EVENTS_TABLE  -DUSE_PERFEVENT_RDPMC=1 -DPEINCLUDE=\"libpfm4/include/perfmon/perf_event.h\" -D_REENTRANT -D_GNU_SOURCE -DUSE_COMPILER_TLS'
PAPISOVER='$(PAPIVER).$(PAPIREV)'
PAPI_EVENTS=''
PAPI_EVENTS_CSV='papi_events.csv'
PATH_SEPARATOR=':'
PMAPI=''
PMINIT=''
POST_BUILD=''
RANLIB='ranlib'
SETPATH=''
SET_MAKE=''
SHELL='/bin/bash'
SHLIB='libpapi.so.6.0.0.1'
SHLIBDEPS=''
SHOW_CONF='showconf'
SMPCFLGS=''
STATIC=''
TESTS=''
TOPTFLAGS='-O1'
VERSION=''
VLIB='libpapi.so.$(PAPISOVER)'
ac_ct_CC='gcc'
ac_ct_F77='gfortran'
altix=''
arch='x86_64'
bindir='${exec_prefix}/bin'
build_alias=''
cpu_option=''
datadir='${datarootdir}'
datarootdir='${prefix}/share'
docdir='${datarootdir}/doc/${PACKAGE_TARNAME}'
dvidir='${docdir}'
exec_prefix='${prefix}'
host_alias=''
htmldir='${docdir}'
includedir='${prefix}/include'
infodir='${datarootdir}/info'
libdir='${exec_prefix}/lib'
libexecdir='${exec_prefix}/libexec'
localedir='${datarootdir}/locale'
localstatedir='${prefix}/var'
mandir='${datarootdir}/man'
old_pfmv2='n'
oldincludedir='/usr/include'
papiLIBS='shared static'
pdfdir='${docdir}'
perfctr_incdir=''
perfctr_libdir=''
perfctr_prefix=''
perfctr_root=''
pfm_incdir='libpfm4/include'
pfm_libdir='libpfm4/lib'
pfm_prefix=''
pfm_root='libpfm4'
prefix='/home/s200010035/papi/src/install'
program_transform_name='s,x,x,'
psdir='${docdir}'
sbindir='${exec_prefix}/sbin'
sharedstatedir='${prefix}/com'
sysconfdir='${prefix}/etc'
target_alias=''
tests='ctests ftests  comp_tests'

## ----------- ##
## confdefs.h. ##
## ----------- ##

/* confdefs.h */
#define PACKAGE_NAME "PAPI"
#define PACKAGE_TARNAME "papi"
#define PACKAGE_VERSION "6.0.0.1"
#define PACKAGE_STRING "PAPI 6.0.0.1"
#define PACKAGE_BUGREPORT "ptools-perfapi@icl.utk.edu"
#define PACKAGE_URL ""
#define STDC_HEADERS 1
#define HAVE_SYS_TYPES_H 1
#define HAVE_SYS_STAT_H 1
#define HAVE_STDLIB_H 1
#define HAVE_STRING_H 1
#define HAVE_MEMORY_H 1
#define HAVE_STRINGS_H 1
#define HAVE_INTTYPES_H 1
#define HAVE_STDINT_H 1
#define HAVE_UNISTD_H 1
#define __EXTENSIONS__ 1
#define _ALL_SOURCE 1
#define _GNU_SOURCE 1
#define _POSIX_PTHREAD_SEMANTICS 1
#define _TANDEM_SOURCE 1
#define STDC_HEADERS 1
#define TIME_WITH_SYS_TIME 1
#define HAVE_SYS_TIME_H 1
#define HAVE_SCHED_H 1
#define HAVE_CLOCK_GETTIME 1
#define HAVE_SCHED_GETCPU 1
#define CPU x86
#define HAVE_FFSLL 1
#define HAVE_SYSCALL_GETTID 1
#define HAVE_CLOCK_GETTIME 1
#define HAVE_CLOCK_GETTIME_REALTIME 1
#define HAVE_THREAD_LOCAL_STORAGE __thread
#define HAVE_CLOCK_GETTIME_THREAD CLOCK_THREAD_CPUTIME_ID
#define HAVE_PERFMON_PFMLIB_MONTECITO_H 1
#define HAVE_PFM_GET_EVENT_DESCRIPTION 1
#define HAVE_PFMLIB_OUTPUT_PFP_PMD_COUNT 1

configure: exit 0
